2019-09-25 14:05:20 coder.py[line:19] WARNING 指定配置路径不存在，指向默认路径：/Users/creator/Desktop/WorkSpace/TempProjects/python/coder/conf/config.json
2019-09-25 14:05:20 coder.py[line:20] INFO 配置路径：/Users/creator/Desktop/WorkSpace/TempProjects/python/coder/conf/config.json
2019-09-25 14:05:20 coder.py[line:31] INFO 读取路径：/Users/creator/Desktop/WorkSpace/TempProjects/python/coder/template
2019-09-25 14:05:20 coder.py[line:32] INFO 输出路径：/Users/creator/Desktop/WorkSpace/TempProjects/python/coder/output
2019-09-25 14:05:20 coder.py[line:37] INFO 遍历文件集合：[u'domain_repository.template', u'domain_convert_mapper.template', u'domain.template', u'domain_vo.template', u'domain_persistent_mapper.template', u'domain_controller.template', u'table_csv.template', u'table_init.template', u'domain_application_service.template']
2019-09-25 14:05:20 coder.py[line:43] INFO 读取文件：/Users/creator/Desktop/WorkSpace/TempProjects/python/coder/template/domain_repository.template，字符集：UTF-8
2019-09-25 14:05:20 coder.py[line:49] INFO 文件重命名：SubjectRepository.java
2019-09-25 14:05:20 coder.py[line:60] DEBUG 替换KEY：@{entity}，替换信息：@{entity}
2019-09-25 14:05:20 coder.py[line:60] DEBUG 替换KEY：@{author}，替换信息：@{author}
2019-09-25 14:05:20 coder.py[line:60] DEBUG 替换KEY：@{date}，替换信息：#{now}
2019-09-25 14:05:20 coder.py[line:60] DEBUG 替换KEY：@{package}，替换信息：@{package}
2019-09-25 14:05:20 coder.py[line:43] INFO 读取文件：/Users/creator/Desktop/WorkSpace/TempProjects/python/coder/template/domain_convert_mapper.template，字符集：UTF-8
2019-09-25 14:05:20 coder.py[line:49] INFO 文件重命名：SubjectAndSubjectVOConvertMapper.java
2019-09-25 14:05:20 coder.py[line:60] DEBUG 替换KEY：@{entity}，替换信息：@{entity}
2019-09-25 14:05:20 coder.py[line:60] DEBUG 替换KEY：@{author}，替换信息：@{author}
2019-09-25 14:05:20 coder.py[line:60] DEBUG 替换KEY：@{date}，替换信息：#{now}
2019-09-25 14:05:20 coder.py[line:60] DEBUG 替换KEY：@{package}，替换信息：@{package}
2019-09-25 14:05:20 coder.py[line:43] INFO 读取文件：/Users/creator/Desktop/WorkSpace/TempProjects/python/coder/template/domain.template，字符集：UTF-8
2019-09-25 14:05:20 coder.py[line:49] INFO 文件重命名：Subject.java
2019-09-25 14:05:20 coder.py[line:60] DEBUG 替换KEY：@{entity}，替换信息：@{entity}
2019-09-25 14:05:20 coder.py[line:60] DEBUG 替换KEY：@{table_name}，替换信息：@{table_name}
2019-09-25 14:05:20 coder.py[line:60] DEBUG 替换KEY：@{entity_lower}，替换信息：@{entity_lower}
2019-09-25 14:05:20 coder.py[line:60] DEBUG 替换KEY：@{author}，替换信息：@{author}
2019-09-25 14:05:20 coder.py[line:60] DEBUG 替换KEY：@{description}，替换信息：@{description}
2019-09-25 14:05:20 coder.py[line:60] DEBUG 替换KEY：@{date}，替换信息：#{now}
2019-09-25 14:05:20 coder.py[line:60] DEBUG 替换KEY：@{package}，替换信息：@{package}
2019-09-25 14:05:20 coder.py[line:43] INFO 读取文件：/Users/creator/Desktop/WorkSpace/TempProjects/python/coder/template/domain_vo.template，字符集：UTF-8
2019-09-25 14:05:20 coder.py[line:49] INFO 文件重命名：SubjectVO.java
2019-09-25 14:05:20 coder.py[line:60] DEBUG 替换KEY：@{entity}，替换信息：@{entity}
2019-09-25 14:05:20 coder.py[line:60] DEBUG 替换KEY：@{author}，替换信息：@{author}
2019-09-25 14:05:20 coder.py[line:60] DEBUG 替换KEY：@{description}，替换信息：@{description}
2019-09-25 14:05:20 coder.py[line:60] DEBUG 替换KEY：@{date}，替换信息：#{now}
2019-09-25 14:05:20 coder.py[line:60] DEBUG 替换KEY：@{package}，替换信息：@{package}
2019-09-25 14:05:20 coder.py[line:43] INFO 读取文件：/Users/creator/Desktop/WorkSpace/TempProjects/python/coder/template/domain_persistent_mapper.template，字符集：UTF-8
2019-09-25 14:05:20 coder.py[line:49] INFO 文件重命名：SubjectPersistentMapper.java
2019-09-25 14:05:20 coder.py[line:60] DEBUG 替换KEY：@{entity}，替换信息：@{entity}
2019-09-25 14:05:20 coder.py[line:60] DEBUG 替换KEY：@{author}，替换信息：@{author}
2019-09-25 14:05:20 coder.py[line:60] DEBUG 替换KEY：@{date}，替换信息：#{now}
2019-09-25 14:05:20 coder.py[line:60] DEBUG 替换KEY：@{package}，替换信息：@{package}
2019-09-25 14:05:20 coder.py[line:43] INFO 读取文件：/Users/creator/Desktop/WorkSpace/TempProjects/python/coder/template/domain_controller.template，字符集：UTF-8
2019-09-25 14:05:20 coder.py[line:49] INFO 文件重命名：SubjectController.java
2019-09-25 14:05:20 coder.py[line:60] DEBUG 替换KEY：@{entity}，替换信息：@{entity}
2019-09-25 14:05:20 coder.py[line:60] DEBUG 替换KEY：@{entity_lower}，替换信息：@{entity_lower}
2019-09-25 14:05:20 coder.py[line:60] DEBUG 替换KEY：@{author}，替换信息：@{author}
2019-09-25 14:05:20 coder.py[line:60] DEBUG 替换KEY：@{description}，替换信息：@{description}
2019-09-25 14:05:20 coder.py[line:60] DEBUG 替换KEY：@{date}，替换信息：#{now}
2019-09-25 14:05:20 coder.py[line:60] DEBUG 替换KEY：@{package}，替换信息：@{package}
2019-09-25 14:05:20 coder.py[line:43] INFO 读取文件：/Users/creator/Desktop/WorkSpace/TempProjects/python/coder/template/table_csv.template，字符集：UTF-8
2019-09-25 14:05:20 coder.py[line:49] INFO 文件重命名：iia_relg_subjects.csv
2019-09-25 14:05:20 coder.py[line:43] INFO 读取文件：/Users/creator/Desktop/WorkSpace/TempProjects/python/coder/template/table_init.template，字符集：UTF-8
2019-09-25 14:05:20 coder.py[line:49] INFO 文件重命名：20190925140520_added_entity_Subject.xml
2019-09-25 14:05:20 coder.py[line:60] DEBUG 替换KEY：@{table_name}，替换信息：@{table_name}
2019-09-25 14:05:20 coder.py[line:60] DEBUG 替换KEY：@{description}，替换信息：@{description}
2019-09-25 14:05:20 coder.py[line:43] INFO 读取文件：/Users/creator/Desktop/WorkSpace/TempProjects/python/coder/template/domain_application_service.template，字符集：UTF-8
2019-09-25 14:05:20 coder.py[line:49] INFO 文件重命名：SubjectApplicationService.java
2019-09-25 14:05:20 coder.py[line:60] DEBUG 替换KEY：@{entity}，替换信息：@{entity}
2019-09-25 14:05:20 coder.py[line:60] DEBUG 替换KEY：@{entity_lower}，替换信息：@{entity_lower}
2019-09-25 14:05:20 coder.py[line:60] DEBUG 替换KEY：@{author}，替换信息：@{author}
2019-09-25 14:05:20 coder.py[line:60] DEBUG 替换KEY：@{description}，替换信息：@{description}
2019-09-25 14:05:20 coder.py[line:60] DEBUG 替换KEY：@{date}，替换信息：#{now}
2019-09-25 14:05:20 coder.py[line:60] DEBUG 替换KEY：@{package}，替换信息：@{package}
2019-09-25 14:05:20 coder.py[line:70] INFO 生成完成
2019-09-26 19:56:55 coder.py[line:19] WARNING 指定配置路径不存在，指向默认路径：/Users/creator/Desktop/WorkSpace/TempProjects/python/coder/conf/config.json
2019-09-26 19:56:55 coder.py[line:20] INFO 配置路径：/Users/creator/Desktop/WorkSpace/TempProjects/python/coder/conf/config.json
2019-09-26 19:56:55 coder.py[line:31] INFO 读取路径：/Users/creator/Desktop/WorkSpace/TempProjects/python/coder/template
2019-09-26 19:56:55 coder.py[line:32] INFO 输出路径：/Users/creator/Desktop/WorkSpace/TempProjects/python/coder/output
2019-09-26 19:56:55 coder.py[line:37] INFO 遍历文件集合：[u'domain_repository.template', u'domain_convert_mapper.template', u'domain.template', u'domain_vo.template', u'domain_persistent_mapper.template', u'domain_controller.template', u'table_csv.template', u'table_init.template', u'domain_application_service.template']
2019-09-26 19:56:55 coder.py[line:43] INFO 读取文件：/Users/creator/Desktop/WorkSpace/TempProjects/python/coder/template/domain_repository.template，字符集：UTF-8
2019-09-26 19:56:55 coder.py[line:49] INFO 文件重命名：ActivityAndSubjectRelationshipRepository.java
2019-09-26 19:56:55 coder.py[line:60] DEBUG 替换KEY：@{entity}，替换信息：@{entity}
2019-09-26 19:56:55 coder.py[line:60] DEBUG 替换KEY：@{author}，替换信息：@{author}
2019-09-26 19:56:55 coder.py[line:60] DEBUG 替换KEY：@{date}，替换信息：#{now}
2019-09-26 19:56:55 coder.py[line:60] DEBUG 替换KEY：@{package}，替换信息：@{package}
2019-09-26 19:56:55 coder.py[line:43] INFO 读取文件：/Users/creator/Desktop/WorkSpace/TempProjects/python/coder/template/domain_convert_mapper.template，字符集：UTF-8
2019-09-26 19:56:55 coder.py[line:49] INFO 文件重命名：ActivityAndSubjectRelationshipAndActivityAndSubjectRelationshipVOConvertMapper.java
2019-09-26 19:56:55 coder.py[line:60] DEBUG 替换KEY：@{entity}，替换信息：@{entity}
2019-09-26 19:56:55 coder.py[line:60] DEBUG 替换KEY：@{author}，替换信息：@{author}
2019-09-26 19:56:55 coder.py[line:60] DEBUG 替换KEY：@{date}，替换信息：#{now}
2019-09-26 19:56:55 coder.py[line:60] DEBUG 替换KEY：@{package}，替换信息：@{package}
2019-09-26 19:56:55 coder.py[line:43] INFO 读取文件：/Users/creator/Desktop/WorkSpace/TempProjects/python/coder/template/domain.template，字符集：UTF-8
2019-09-26 19:56:55 coder.py[line:49] INFO 文件重命名：ActivityAndSubjectRelationship.java
2019-09-26 19:56:55 coder.py[line:60] DEBUG 替换KEY：@{entity}，替换信息：@{entity}
2019-09-26 19:56:55 coder.py[line:60] DEBUG 替换KEY：@{table_name}，替换信息：@{table_name}
2019-09-26 19:56:55 coder.py[line:60] DEBUG 替换KEY：@{entity_lower}，替换信息：@{entity_lower}
2019-09-26 19:56:55 coder.py[line:60] DEBUG 替换KEY：@{author}，替换信息：@{author}
2019-09-26 19:56:55 coder.py[line:60] DEBUG 替换KEY：@{description}，替换信息：@{description}
2019-09-26 19:56:55 coder.py[line:60] DEBUG 替换KEY：@{date}，替换信息：#{now}
2019-09-26 19:56:55 coder.py[line:60] DEBUG 替换KEY：@{package}，替换信息：@{package}
2019-09-26 19:56:55 coder.py[line:43] INFO 读取文件：/Users/creator/Desktop/WorkSpace/TempProjects/python/coder/template/domain_vo.template，字符集：UTF-8
2019-09-26 19:56:55 coder.py[line:49] INFO 文件重命名：ActivityAndSubjectRelationshipVO.java
2019-09-26 19:56:55 coder.py[line:60] DEBUG 替换KEY：@{entity}，替换信息：@{entity}
2019-09-26 19:56:55 coder.py[line:60] DEBUG 替换KEY：@{author}，替换信息：@{author}
2019-09-26 19:56:55 coder.py[line:60] DEBUG 替换KEY：@{description}，替换信息：@{description}
2019-09-26 19:56:55 coder.py[line:60] DEBUG 替换KEY：@{date}，替换信息：#{now}
2019-09-26 19:56:55 coder.py[line:60] DEBUG 替换KEY：@{package}，替换信息：@{package}
2019-09-26 19:56:55 coder.py[line:43] INFO 读取文件：/Users/creator/Desktop/WorkSpace/TempProjects/python/coder/template/domain_persistent_mapper.template，字符集：UTF-8
2019-09-26 19:56:55 coder.py[line:49] INFO 文件重命名：ActivityAndSubjectRelationshipPersistentMapper.java
2019-09-26 19:56:55 coder.py[line:60] DEBUG 替换KEY：@{entity}，替换信息：@{entity}
2019-09-26 19:56:55 coder.py[line:60] DEBUG 替换KEY：@{author}，替换信息：@{author}
2019-09-26 19:56:55 coder.py[line:60] DEBUG 替换KEY：@{date}，替换信息：#{now}
2019-09-26 19:56:55 coder.py[line:60] DEBUG 替换KEY：@{package}，替换信息：@{package}
2019-09-26 19:56:55 coder.py[line:43] INFO 读取文件：/Users/creator/Desktop/WorkSpace/TempProjects/python/coder/template/domain_controller.template，字符集：UTF-8
2019-09-26 19:56:55 coder.py[line:49] INFO 文件重命名：ActivityAndSubjectRelationshipController.java
2019-09-26 19:56:55 coder.py[line:60] DEBUG 替换KEY：@{entity}，替换信息：@{entity}
2019-09-26 19:56:55 coder.py[line:60] DEBUG 替换KEY：@{entity_lower}，替换信息：@{entity_lower}
2019-09-26 19:56:55 coder.py[line:60] DEBUG 替换KEY：@{author}，替换信息：@{author}
2019-09-26 19:56:55 coder.py[line:60] DEBUG 替换KEY：@{description}，替换信息：@{description}
2019-09-26 19:56:55 coder.py[line:60] DEBUG 替换KEY：@{date}，替换信息：#{now}
2019-09-26 19:56:55 coder.py[line:60] DEBUG 替换KEY：@{package}，替换信息：@{package}
2019-09-26 19:56:55 coder.py[line:43] INFO 读取文件：/Users/creator/Desktop/WorkSpace/TempProjects/python/coder/template/table_csv.template，字符集：UTF-8
2019-09-26 19:56:55 coder.py[line:49] INFO 文件重命名：iia_relg_a_s_rels.csv
2019-09-26 19:56:55 coder.py[line:43] INFO 读取文件：/Users/creator/Desktop/WorkSpace/TempProjects/python/coder/template/table_init.template，字符集：UTF-8
2019-09-26 19:56:55 coder.py[line:49] INFO 文件重命名：20190926195655_added_entity_ActivityAndSubjectRelationship.xml
2019-09-26 19:56:55 coder.py[line:60] DEBUG 替换KEY：@{table_name}，替换信息：@{table_name}
2019-09-26 19:56:55 coder.py[line:60] DEBUG 替换KEY：@{description}，替换信息：@{description}
2019-09-26 19:56:55 coder.py[line:43] INFO 读取文件：/Users/creator/Desktop/WorkSpace/TempProjects/python/coder/template/domain_application_service.template，字符集：UTF-8
2019-09-26 19:56:55 coder.py[line:49] INFO 文件重命名：ActivityAndSubjectRelationshipApplicationService.java
2019-09-26 19:56:55 coder.py[line:60] DEBUG 替换KEY：@{entity}，替换信息：@{entity}
2019-09-26 19:56:55 coder.py[line:60] DEBUG 替换KEY：@{entity_lower}，替换信息：@{entity_lower}
2019-09-26 19:56:55 coder.py[line:60] DEBUG 替换KEY：@{author}，替换信息：@{author}
2019-09-26 19:56:55 coder.py[line:60] DEBUG 替换KEY：@{description}，替换信息：@{description}
2019-09-26 19:56:55 coder.py[line:60] DEBUG 替换KEY：@{date}，替换信息：#{now}
2019-09-26 19:56:55 coder.py[line:60] DEBUG 替换KEY：@{package}，替换信息：@{package}
2019-09-26 19:56:55 coder.py[line:70] INFO 生成完成
2019-10-18 17:37:16 coder.py[line:19] WARNING 指定配置路径不存在，指向默认路径：/Users/creator/Desktop/WorkSpace/TempProjects/python/coder/conf/config.json
2019-10-18 17:37:16 coder.py[line:20] INFO 配置路径：/Users/creator/Desktop/WorkSpace/TempProjects/python/coder/conf/config.json
2019-10-18 17:37:16 coder.py[line:31] INFO 读取路径：/Users/creator/Desktop/WorkSpace/TempProjects/python/coder/template
2019-10-18 17:37:16 coder.py[line:32] INFO 输出路径：/Users/creator/Desktop/WorkSpace/TempProjects/python/coder/output
2019-10-18 17:37:16 coder.py[line:37] INFO 遍历文件集合：[u'domain_repository.template', u'domain_convert_mapper.template', u'domain.template', u'domain_vo.template', u'domain_persistent_mapper.template', u'domain_controller.template', u'table_csv.template', u'table_init.template', u'domain_application_service.template']
2019-10-18 17:37:16 coder.py[line:43] INFO 读取文件：/Users/creator/Desktop/WorkSpace/TempProjects/python/coder/template/domain_repository.template，字符集：UTF-8
2019-10-18 17:37:16 coder.py[line:49] INFO 文件重命名：AccountRepository.java
2019-10-18 17:37:16 coder.py[line:60] DEBUG 替换KEY：@{entity}，替换信息：@{entity}
2019-10-18 17:37:16 coder.py[line:60] DEBUG 替换KEY：@{author}，替换信息：@{author}
2019-10-18 17:37:16 coder.py[line:60] DEBUG 替换KEY：@{date}，替换信息：#{now}
2019-10-18 17:37:16 coder.py[line:60] DEBUG 替换KEY：@{package}，替换信息：@{package}
2019-10-18 17:37:16 coder.py[line:43] INFO 读取文件：/Users/creator/Desktop/WorkSpace/TempProjects/python/coder/template/domain_convert_mapper.template，字符集：UTF-8
2019-10-18 17:37:16 coder.py[line:49] INFO 文件重命名：AccountAndAccountVOConvertMapper.java
2019-10-18 17:37:16 coder.py[line:60] DEBUG 替换KEY：@{entity}，替换信息：@{entity}
2019-10-18 17:37:16 coder.py[line:60] DEBUG 替换KEY：@{author}，替换信息：@{author}
2019-10-18 17:37:16 coder.py[line:60] DEBUG 替换KEY：@{date}，替换信息：#{now}
2019-10-18 17:37:16 coder.py[line:60] DEBUG 替换KEY：@{package}，替换信息：@{package}
2019-10-18 17:37:16 coder.py[line:43] INFO 读取文件：/Users/creator/Desktop/WorkSpace/TempProjects/python/coder/template/domain.template，字符集：UTF-8
2019-10-18 17:37:16 coder.py[line:49] INFO 文件重命名：Account.java
2019-10-18 17:37:16 coder.py[line:60] DEBUG 替换KEY：@{entity}，替换信息：@{entity}
2019-10-18 17:37:16 coder.py[line:60] DEBUG 替换KEY：@{table_name}，替换信息：@{table_name}
2019-10-18 17:37:16 coder.py[line:60] DEBUG 替换KEY：@{entity_lower}，替换信息：@{entity_lower}
2019-10-18 17:37:16 coder.py[line:60] DEBUG 替换KEY：@{author}，替换信息：@{author}
2019-10-18 17:37:16 coder.py[line:60] DEBUG 替换KEY：@{description}，替换信息：@{description}
2019-10-18 17:37:16 coder.py[line:60] DEBUG 替换KEY：@{date}，替换信息：#{now}
2019-10-18 17:37:16 coder.py[line:60] DEBUG 替换KEY：@{package}，替换信息：@{package}
2019-10-18 17:37:16 coder.py[line:43] INFO 读取文件：/Users/creator/Desktop/WorkSpace/TempProjects/python/coder/template/domain_vo.template，字符集：UTF-8
2019-10-18 17:37:16 coder.py[line:49] INFO 文件重命名：AccountVO.java
2019-10-18 17:37:16 coder.py[line:60] DEBUG 替换KEY：@{entity}，替换信息：@{entity}
2019-10-18 17:37:16 coder.py[line:60] DEBUG 替换KEY：@{author}，替换信息：@{author}
2019-10-18 17:37:16 coder.py[line:60] DEBUG 替换KEY：@{description}，替换信息：@{description}
2019-10-18 17:37:16 coder.py[line:60] DEBUG 替换KEY：@{date}，替换信息：#{now}
2019-10-18 17:37:16 coder.py[line:60] DEBUG 替换KEY：@{package}，替换信息：@{package}
2019-10-18 17:37:16 coder.py[line:43] INFO 读取文件：/Users/creator/Desktop/WorkSpace/TempProjects/python/coder/template/domain_persistent_mapper.template，字符集：UTF-8
2019-10-18 17:37:16 coder.py[line:49] INFO 文件重命名：AccountPersistentMapper.java
2019-10-18 17:37:16 coder.py[line:60] DEBUG 替换KEY：@{entity}，替换信息：@{entity}
2019-10-18 17:37:16 coder.py[line:60] DEBUG 替换KEY：@{author}，替换信息：@{author}
2019-10-18 17:37:16 coder.py[line:60] DEBUG 替换KEY：@{date}，替换信息：#{now}
2019-10-18 17:37:16 coder.py[line:60] DEBUG 替换KEY：@{package}，替换信息：@{package}
2019-10-18 17:37:16 coder.py[line:43] INFO 读取文件：/Users/creator/Desktop/WorkSpace/TempProjects/python/coder/template/domain_controller.template，字符集：UTF-8
2019-10-18 17:37:16 coder.py[line:49] INFO 文件重命名：AccountController.java
2019-10-18 17:37:16 coder.py[line:60] DEBUG 替换KEY：@{entity}，替换信息：@{entity}
2019-10-18 17:37:16 coder.py[line:60] DEBUG 替换KEY：@{entity_lower}，替换信息：@{entity_lower}
2019-10-18 17:37:16 coder.py[line:60] DEBUG 替换KEY：@{author}，替换信息：@{author}
2019-10-18 17:37:16 coder.py[line:60] DEBUG 替换KEY：@{description}，替换信息：@{description}
2019-10-18 17:37:16 coder.py[line:60] DEBUG 替换KEY：@{date}，替换信息：#{now}
2019-10-18 17:37:16 coder.py[line:60] DEBUG 替换KEY：@{package}，替换信息：@{package}
2019-10-18 17:37:16 coder.py[line:43] INFO 读取文件：/Users/creator/Desktop/WorkSpace/TempProjects/python/coder/template/table_csv.template，字符集：UTF-8
2019-10-18 17:37:16 coder.py[line:49] INFO 文件重命名：rtc_accounts.csv
2019-10-18 17:37:16 coder.py[line:43] INFO 读取文件：/Users/creator/Desktop/WorkSpace/TempProjects/python/coder/template/table_init.template，字符集：UTF-8
2019-10-18 17:37:16 coder.py[line:49] INFO 文件重命名：20191018173716_added_entity_Account.xml
2019-10-18 17:37:16 coder.py[line:60] DEBUG 替换KEY：@{table_name}，替换信息：@{table_name}
2019-10-18 17:37:16 coder.py[line:60] DEBUG 替换KEY：@{description}，替换信息：@{description}
2019-10-18 17:37:16 coder.py[line:43] INFO 读取文件：/Users/creator/Desktop/WorkSpace/TempProjects/python/coder/template/domain_application_service.template，字符集：UTF-8
2019-10-18 17:37:16 coder.py[line:49] INFO 文件重命名：AccountApplicationService.java
2019-10-18 17:37:16 coder.py[line:60] DEBUG 替换KEY：@{entity}，替换信息：@{entity}
2019-10-18 17:37:16 coder.py[line:60] DEBUG 替换KEY：@{entity_lower}，替换信息：@{entity_lower}
2019-10-18 17:37:16 coder.py[line:60] DEBUG 替换KEY：@{author}，替换信息：@{author}
2019-10-18 17:37:16 coder.py[line:60] DEBUG 替换KEY：@{description}，替换信息：@{description}
2019-10-18 17:37:16 coder.py[line:60] DEBUG 替换KEY：@{date}，替换信息：#{now}
2019-10-18 17:37:16 coder.py[line:60] DEBUG 替换KEY：@{package}，替换信息：@{package}
2019-10-18 17:37:16 coder.py[line:70] INFO 生成完成
2019-10-21 09:27:53 coder.py[line:19] WARNING 指定配置路径不存在，指向默认路径：/Users/creator/Desktop/WorkSpace/TempProjects/python/coder/conf/config.json
2019-10-21 09:27:53 coder.py[line:20] INFO 配置路径：/Users/creator/Desktop/WorkSpace/TempProjects/python/coder/conf/config.json
2019-10-21 09:27:53 coder.py[line:31] INFO 读取路径：/Users/creator/Desktop/WorkSpace/TempProjects/python/coder/template
2019-10-21 09:27:53 coder.py[line:32] INFO 输出路径：/Users/creator/Desktop/WorkSpace/TempProjects/python/coder/output
2019-10-21 09:27:53 coder.py[line:37] INFO 遍历文件集合：[u'domain_repository.template', u'domain_convert_mapper.template', u'domain.template', u'domain_vo.template', u'domain_persistent_mapper.template', u'domain_controller.template', u'table_csv.template', u'table_init.template', u'domain_application_service.template']
2019-10-21 09:27:53 coder.py[line:43] INFO 读取文件：/Users/creator/Desktop/WorkSpace/TempProjects/python/coder/template/domain_repository.template，字符集：UTF-8
2019-10-21 09:27:53 coder.py[line:49] INFO 文件重命名：RecordRepository.java
2019-10-21 09:27:53 coder.py[line:60] DEBUG 替换KEY：@{entity}，替换信息：@{entity}
2019-10-21 09:27:53 coder.py[line:60] DEBUG 替换KEY：@{author}，替换信息：@{author}
2019-10-21 09:27:53 coder.py[line:60] DEBUG 替换KEY：@{date}，替换信息：#{now}
2019-10-21 09:27:53 coder.py[line:60] DEBUG 替换KEY：@{package}，替换信息：@{package}
2019-10-21 09:27:53 coder.py[line:43] INFO 读取文件：/Users/creator/Desktop/WorkSpace/TempProjects/python/coder/template/domain_convert_mapper.template，字符集：UTF-8
2019-10-21 09:27:53 coder.py[line:49] INFO 文件重命名：RecordAndRecordVOConvertMapper.java
2019-10-21 09:27:53 coder.py[line:60] DEBUG 替换KEY：@{entity}，替换信息：@{entity}
2019-10-21 09:27:53 coder.py[line:60] DEBUG 替换KEY：@{author}，替换信息：@{author}
2019-10-21 09:27:53 coder.py[line:60] DEBUG 替换KEY：@{date}，替换信息：#{now}
2019-10-21 09:27:53 coder.py[line:60] DEBUG 替换KEY：@{package}，替换信息：@{package}
2019-10-21 09:27:53 coder.py[line:43] INFO 读取文件：/Users/creator/Desktop/WorkSpace/TempProjects/python/coder/template/domain.template，字符集：UTF-8
2019-10-21 09:27:53 coder.py[line:49] INFO 文件重命名：Record.java
2019-10-21 09:27:53 coder.py[line:60] DEBUG 替换KEY：@{entity}，替换信息：@{entity}
2019-10-21 09:27:53 coder.py[line:60] DEBUG 替换KEY：@{table_name}，替换信息：@{table_name}
2019-10-21 09:27:53 coder.py[line:60] DEBUG 替换KEY：@{entity_lower}，替换信息：@{entity_lower}
2019-10-21 09:27:53 coder.py[line:60] DEBUG 替换KEY：@{author}，替换信息：@{author}
2019-10-21 09:27:53 coder.py[line:60] DEBUG 替换KEY：@{description}，替换信息：@{description}
2019-10-21 09:27:53 coder.py[line:60] DEBUG 替换KEY：@{date}，替换信息：#{now}
2019-10-21 09:27:53 coder.py[line:60] DEBUG 替换KEY：@{package}，替换信息：@{package}
2019-10-21 09:27:53 coder.py[line:43] INFO 读取文件：/Users/creator/Desktop/WorkSpace/TempProjects/python/coder/template/domain_vo.template，字符集：UTF-8
2019-10-21 09:27:53 coder.py[line:49] INFO 文件重命名：RecordVO.java
2019-10-21 09:27:53 coder.py[line:60] DEBUG 替换KEY：@{entity}，替换信息：@{entity}
2019-10-21 09:27:53 coder.py[line:60] DEBUG 替换KEY：@{author}，替换信息：@{author}
2019-10-21 09:27:53 coder.py[line:60] DEBUG 替换KEY：@{description}，替换信息：@{description}
2019-10-21 09:27:53 coder.py[line:60] DEBUG 替换KEY：@{date}，替换信息：#{now}
2019-10-21 09:27:53 coder.py[line:60] DEBUG 替换KEY：@{package}，替换信息：@{package}
2019-10-21 09:27:53 coder.py[line:43] INFO 读取文件：/Users/creator/Desktop/WorkSpace/TempProjects/python/coder/template/domain_persistent_mapper.template，字符集：UTF-8
2019-10-21 09:27:53 coder.py[line:49] INFO 文件重命名：RecordPersistentMapper.java
2019-10-21 09:27:53 coder.py[line:60] DEBUG 替换KEY：@{entity}，替换信息：@{entity}
2019-10-21 09:27:53 coder.py[line:60] DEBUG 替换KEY：@{author}，替换信息：@{author}
2019-10-21 09:27:53 coder.py[line:60] DEBUG 替换KEY：@{date}，替换信息：#{now}
2019-10-21 09:27:53 coder.py[line:60] DEBUG 替换KEY：@{package}，替换信息：@{package}
2019-10-21 09:27:53 coder.py[line:43] INFO 读取文件：/Users/creator/Desktop/WorkSpace/TempProjects/python/coder/template/domain_controller.template，字符集：UTF-8
2019-10-21 09:27:53 coder.py[line:49] INFO 文件重命名：RecordController.java
2019-10-21 09:27:53 coder.py[line:60] DEBUG 替换KEY：@{entity}，替换信息：@{entity}
2019-10-21 09:27:53 coder.py[line:60] DEBUG 替换KEY：@{entity_lower}，替换信息：@{entity_lower}
2019-10-21 09:27:53 coder.py[line:60] DEBUG 替换KEY：@{author}，替换信息：@{author}
2019-10-21 09:27:53 coder.py[line:60] DEBUG 替换KEY：@{description}，替换信息：@{description}
2019-10-21 09:27:53 coder.py[line:60] DEBUG 替换KEY：@{date}，替换信息：#{now}
2019-10-21 09:27:53 coder.py[line:60] DEBUG 替换KEY：@{package}，替换信息：@{package}
2019-10-21 09:27:53 coder.py[line:43] INFO 读取文件：/Users/creator/Desktop/WorkSpace/TempProjects/python/coder/template/table_csv.template，字符集：UTF-8
2019-10-21 09:27:53 coder.py[line:49] INFO 文件重命名：rtc_records.csv
2019-10-21 09:27:53 coder.py[line:43] INFO 读取文件：/Users/creator/Desktop/WorkSpace/TempProjects/python/coder/template/table_init.template，字符集：UTF-8
2019-10-21 09:27:53 coder.py[line:49] INFO 文件重命名：20191021092753_added_entity_Record.xml
2019-10-21 09:27:53 coder.py[line:60] DEBUG 替换KEY：@{table_name}，替换信息：@{table_name}
2019-10-21 09:27:53 coder.py[line:60] DEBUG 替换KEY：@{description}，替换信息：@{description}
2019-10-21 09:27:53 coder.py[line:43] INFO 读取文件：/Users/creator/Desktop/WorkSpace/TempProjects/python/coder/template/domain_application_service.template，字符集：UTF-8
2019-10-21 09:27:53 coder.py[line:49] INFO 文件重命名：RecordApplicationService.java
2019-10-21 09:27:53 coder.py[line:60] DEBUG 替换KEY：@{entity}，替换信息：@{entity}
2019-10-21 09:27:53 coder.py[line:60] DEBUG 替换KEY：@{entity_lower}，替换信息：@{entity_lower}
2019-10-21 09:27:53 coder.py[line:60] DEBUG 替换KEY：@{author}，替换信息：@{author}
2019-10-21 09:27:53 coder.py[line:60] DEBUG 替换KEY：@{description}，替换信息：@{description}
2019-10-21 09:27:53 coder.py[line:60] DEBUG 替换KEY：@{date}，替换信息：#{now}
2019-10-21 09:27:53 coder.py[line:60] DEBUG 替换KEY：@{package}，替换信息：@{package}
2019-10-21 09:27:53 coder.py[line:70] INFO 生成完成
2019-11-19 13:38:31 coder.py[line:19] WARNING 指定配置路径不存在，指向默认路径：/Users/creator/Desktop/WorkSpace/TempProjects/python/coder/conf/config.json
2019-11-19 13:38:31 coder.py[line:20] INFO 配置路径：/Users/creator/Desktop/WorkSpace/TempProjects/python/coder/conf/config.json
2019-11-19 13:38:31 coder.py[line:31] INFO 读取路径：/Users/creator/Desktop/WorkSpace/TempProjects/python/coder/template
2019-11-19 13:38:31 coder.py[line:32] INFO 输出路径：/Users/creator/Desktop/WorkSpace/TempProjects/python/coder/output
2019-11-19 13:38:31 coder.py[line:37] INFO 遍历文件集合：[u'domain_repository.template', u'domain_convert_mapper.template', u'domain.template', u'domain_vo.template', u'domain_persistent_mapper.template', u'domain_controller.template', u'table_csv.template', u'table_init.template', u'domain_application_service.template']
2019-11-19 13:38:31 coder.py[line:43] INFO 读取文件：/Users/creator/Desktop/WorkSpace/TempProjects/python/coder/template/domain_repository.template，字符集：UTF-8
2019-11-19 13:38:31 coder.py[line:49] INFO 文件重命名：UserContactRepository.java
2019-11-19 13:38:31 coder.py[line:60] DEBUG 替换KEY：@{entity}，替换信息：@{entity}
2019-11-19 13:38:31 coder.py[line:60] DEBUG 替换KEY：@{author}，替换信息：@{author}
2019-11-19 13:38:31 coder.py[line:60] DEBUG 替换KEY：@{date}，替换信息：#{now}
2019-11-19 13:38:31 coder.py[line:60] DEBUG 替换KEY：@{package}，替换信息：@{package}
2019-11-19 13:38:31 coder.py[line:43] INFO 读取文件：/Users/creator/Desktop/WorkSpace/TempProjects/python/coder/template/domain_convert_mapper.template，字符集：UTF-8
2019-11-19 13:38:31 coder.py[line:49] INFO 文件重命名：UserContactAndUserContactVOConvertMapper.java
2019-11-19 13:38:31 coder.py[line:60] DEBUG 替换KEY：@{entity}，替换信息：@{entity}
2019-11-19 13:38:31 coder.py[line:60] DEBUG 替换KEY：@{author}，替换信息：@{author}
2019-11-19 13:38:31 coder.py[line:60] DEBUG 替换KEY：@{date}，替换信息：#{now}
2019-11-19 13:38:31 coder.py[line:60] DEBUG 替换KEY：@{package}，替换信息：@{package}
2019-11-19 13:38:31 coder.py[line:43] INFO 读取文件：/Users/creator/Desktop/WorkSpace/TempProjects/python/coder/template/domain.template，字符集：UTF-8
2019-11-19 13:38:31 coder.py[line:49] INFO 文件重命名：UserContact.java
2019-11-19 13:38:31 coder.py[line:60] DEBUG 替换KEY：@{entity}，替换信息：@{entity}
2019-11-19 13:38:31 coder.py[line:60] DEBUG 替换KEY：@{table_name}，替换信息：@{table_name}
2019-11-19 13:38:31 coder.py[line:60] DEBUG 替换KEY：@{entity_lower}，替换信息：@{entity_lower}
2019-11-19 13:38:31 coder.py[line:60] DEBUG 替换KEY：@{author}，替换信息：@{author}
2019-11-19 13:38:31 coder.py[line:60] DEBUG 替换KEY：@{description}，替换信息：@{description}
2019-11-19 13:38:31 coder.py[line:60] DEBUG 替换KEY：@{date}，替换信息：#{now}
2019-11-19 13:38:31 coder.py[line:60] DEBUG 替换KEY：@{package}，替换信息：@{package}
2019-11-19 13:38:31 coder.py[line:43] INFO 读取文件：/Users/creator/Desktop/WorkSpace/TempProjects/python/coder/template/domain_vo.template，字符集：UTF-8
2019-11-19 13:38:31 coder.py[line:49] INFO 文件重命名：UserContactVO.java
2019-11-19 13:38:31 coder.py[line:60] DEBUG 替换KEY：@{entity}，替换信息：@{entity}
2019-11-19 13:38:31 coder.py[line:60] DEBUG 替换KEY：@{author}，替换信息：@{author}
2019-11-19 13:38:31 coder.py[line:60] DEBUG 替换KEY：@{description}，替换信息：@{description}
2019-11-19 13:38:31 coder.py[line:60] DEBUG 替换KEY：@{date}，替换信息：#{now}
2019-11-19 13:38:31 coder.py[line:60] DEBUG 替换KEY：@{package}，替换信息：@{package}
2019-11-19 13:38:31 coder.py[line:43] INFO 读取文件：/Users/creator/Desktop/WorkSpace/TempProjects/python/coder/template/domain_persistent_mapper.template，字符集：UTF-8
2019-11-19 13:38:31 coder.py[line:49] INFO 文件重命名：UserContactPersistentMapper.java
2019-11-19 13:38:31 coder.py[line:60] DEBUG 替换KEY：@{entity}，替换信息：@{entity}
2019-11-19 13:38:31 coder.py[line:60] DEBUG 替换KEY：@{author}，替换信息：@{author}
2019-11-19 13:38:31 coder.py[line:60] DEBUG 替换KEY：@{date}，替换信息：#{now}
2019-11-19 13:38:31 coder.py[line:60] DEBUG 替换KEY：@{package}，替换信息：@{package}
2019-11-19 13:38:31 coder.py[line:43] INFO 读取文件：/Users/creator/Desktop/WorkSpace/TempProjects/python/coder/template/domain_controller.template，字符集：UTF-8
2019-11-19 13:38:31 coder.py[line:49] INFO 文件重命名：UserContactController.java
2019-11-19 13:38:31 coder.py[line:60] DEBUG 替换KEY：@{entity}，替换信息：@{entity}
2019-11-19 13:38:31 coder.py[line:60] DEBUG 替换KEY：@{entity_lower}，替换信息：@{entity_lower}
2019-11-19 13:38:31 coder.py[line:60] DEBUG 替换KEY：@{author}，替换信息：@{author}
2019-11-19 13:38:31 coder.py[line:60] DEBUG 替换KEY：@{description}，替换信息：@{description}
2019-11-19 13:38:31 coder.py[line:60] DEBUG 替换KEY：@{date}，替换信息：#{now}
2019-11-19 13:38:31 coder.py[line:60] DEBUG 替换KEY：@{package}，替换信息：@{package}
2019-11-19 13:38:31 coder.py[line:43] INFO 读取文件：/Users/creator/Desktop/WorkSpace/TempProjects/python/coder/template/table_csv.template，字符集：UTF-8
2019-11-19 13:38:31 coder.py[line:49] INFO 文件重命名：user_contacts.csv
2019-11-19 13:38:31 coder.py[line:43] INFO 读取文件：/Users/creator/Desktop/WorkSpace/TempProjects/python/coder/template/table_init.template，字符集：UTF-8
2019-11-19 13:38:31 coder.py[line:49] INFO 文件重命名：20191119133831_added_entity_UserContact.xml
2019-11-19 13:38:31 coder.py[line:60] DEBUG 替换KEY：@{table_name}，替换信息：@{table_name}
2019-11-19 13:38:31 coder.py[line:60] DEBUG 替换KEY：@{description}，替换信息：@{description}
2019-11-19 13:38:31 coder.py[line:43] INFO 读取文件：/Users/creator/Desktop/WorkSpace/TempProjects/python/coder/template/domain_application_service.template，字符集：UTF-8
2019-11-19 13:38:31 coder.py[line:49] INFO 文件重命名：UserContactApplicationService.java
2019-11-19 13:38:31 coder.py[line:60] DEBUG 替换KEY：@{entity}，替换信息：@{entity}
2019-11-19 13:38:31 coder.py[line:60] DEBUG 替换KEY：@{entity_lower}，替换信息：@{entity_lower}
2019-11-19 13:38:31 coder.py[line:60] DEBUG 替换KEY：@{author}，替换信息：@{author}
2019-11-19 13:38:31 coder.py[line:60] DEBUG 替换KEY：@{description}，替换信息：@{description}
2019-11-19 13:38:31 coder.py[line:60] DEBUG 替换KEY：@{date}，替换信息：#{now}
2019-11-19 13:38:31 coder.py[line:60] DEBUG 替换KEY：@{package}，替换信息：@{package}
2019-11-19 13:38:31 coder.py[line:70] INFO 生成完成
2019-11-19 14:03:08 coder.py[line:19] WARNING 指定配置路径不存在，指向默认路径：/Users/creator/Desktop/WorkSpace/TempProjects/python/coder/conf/config.json
2019-11-19 14:03:08 coder.py[line:20] INFO 配置路径：/Users/creator/Desktop/WorkSpace/TempProjects/python/coder/conf/config.json
2019-11-19 14:03:08 coder.py[line:31] INFO 读取路径：/Users/creator/Desktop/WorkSpace/TempProjects/python/coder/template
2019-11-19 14:03:08 coder.py[line:32] INFO 输出路径：/Users/creator/Desktop/WorkSpace/TempProjects/python/coder/output
2019-11-19 14:03:08 coder.py[line:37] INFO 遍历文件集合：[u'domain_repository.template', u'domain_convert_mapper.template', u'domain.template', u'domain_vo.template', u'domain_persistent_mapper.template', u'domain_controller.template', u'table_csv.template', u'table_init.template', u'domain_application_service.template']
2019-11-19 14:03:08 coder.py[line:43] INFO 读取文件：/Users/creator/Desktop/WorkSpace/TempProjects/python/coder/template/domain_repository.template，字符集：UTF-8
2019-11-19 14:03:08 coder.py[line:49] INFO 文件重命名：UserContactRepository.java
2019-11-19 14:03:08 coder.py[line:60] DEBUG 替换KEY：@{entity}，替换信息：@{entity}
2019-11-19 14:03:08 coder.py[line:60] DEBUG 替换KEY：@{author}，替换信息：@{author}
2019-11-19 14:03:08 coder.py[line:60] DEBUG 替换KEY：@{date}，替换信息：#{now}
2019-11-19 14:03:08 coder.py[line:60] DEBUG 替换KEY：@{package}，替换信息：@{package}
2019-11-19 14:03:08 coder.py[line:43] INFO 读取文件：/Users/creator/Desktop/WorkSpace/TempProjects/python/coder/template/domain_convert_mapper.template，字符集：UTF-8
2019-11-19 14:03:08 coder.py[line:49] INFO 文件重命名：UserContactAndUserContactVOConvertMapper.java
2019-11-19 14:03:08 coder.py[line:60] DEBUG 替换KEY：@{entity}，替换信息：@{entity}
2019-11-19 14:03:08 coder.py[line:60] DEBUG 替换KEY：@{author}，替换信息：@{author}
2019-11-19 14:03:08 coder.py[line:60] DEBUG 替换KEY：@{date}，替换信息：#{now}
2019-11-19 14:03:08 coder.py[line:60] DEBUG 替换KEY：@{package}，替换信息：@{package}
2019-11-19 14:03:08 coder.py[line:43] INFO 读取文件：/Users/creator/Desktop/WorkSpace/TempProjects/python/coder/template/domain.template，字符集：UTF-8
2019-11-19 14:03:08 coder.py[line:49] INFO 文件重命名：UserContact.java
2019-11-19 14:03:08 coder.py[line:60] DEBUG 替换KEY：@{entity}，替换信息：@{entity}
2019-11-19 14:03:08 coder.py[line:60] DEBUG 替换KEY：@{table_name}，替换信息：@{table_name}
2019-11-19 14:03:08 coder.py[line:60] DEBUG 替换KEY：@{entity_lower}，替换信息：@{entity_lower}
2019-11-19 14:03:08 coder.py[line:60] DEBUG 替换KEY：@{author}，替换信息：@{author}
2019-11-19 14:03:08 coder.py[line:60] DEBUG 替换KEY：@{description}，替换信息：@{description}
2019-11-19 14:03:08 coder.py[line:60] DEBUG 替换KEY：@{date}，替换信息：#{now}
2019-11-19 14:03:08 coder.py[line:60] DEBUG 替换KEY：@{package}，替换信息：@{package}
2019-11-19 14:03:08 coder.py[line:43] INFO 读取文件：/Users/creator/Desktop/WorkSpace/TempProjects/python/coder/template/domain_vo.template，字符集：UTF-8
2019-11-19 14:03:08 coder.py[line:49] INFO 文件重命名：UserContactVO.java
2019-11-19 14:03:08 coder.py[line:60] DEBUG 替换KEY：@{entity}，替换信息：@{entity}
2019-11-19 14:03:08 coder.py[line:60] DEBUG 替换KEY：@{author}，替换信息：@{author}
2019-11-19 14:03:08 coder.py[line:60] DEBUG 替换KEY：@{description}，替换信息：@{description}
2019-11-19 14:03:08 coder.py[line:60] DEBUG 替换KEY：@{date}，替换信息：#{now}
2019-11-19 14:03:08 coder.py[line:60] DEBUG 替换KEY：@{package}，替换信息：@{package}
2019-11-19 14:03:08 coder.py[line:43] INFO 读取文件：/Users/creator/Desktop/WorkSpace/TempProjects/python/coder/template/domain_persistent_mapper.template，字符集：UTF-8
2019-11-19 14:03:08 coder.py[line:49] INFO 文件重命名：UserContactPersistentMapper.java
2019-11-19 14:03:08 coder.py[line:60] DEBUG 替换KEY：@{entity}，替换信息：@{entity}
2019-11-19 14:03:08 coder.py[line:60] DEBUG 替换KEY：@{author}，替换信息：@{author}
2019-11-19 14:03:08 coder.py[line:60] DEBUG 替换KEY：@{date}，替换信息：#{now}
2019-11-19 14:03:08 coder.py[line:60] DEBUG 替换KEY：@{package}，替换信息：@{package}
2019-11-19 14:03:08 coder.py[line:43] INFO 读取文件：/Users/creator/Desktop/WorkSpace/TempProjects/python/coder/template/domain_controller.template，字符集：UTF-8
2019-11-19 14:03:08 coder.py[line:49] INFO 文件重命名：UserContactController.java
2019-11-19 14:03:08 coder.py[line:60] DEBUG 替换KEY：@{entity}，替换信息：@{entity}
2019-11-19 14:03:08 coder.py[line:60] DEBUG 替换KEY：@{entity_lower}，替换信息：@{entity_lower}
2019-11-19 14:03:08 coder.py[line:60] DEBUG 替换KEY：@{author}，替换信息：@{author}
2019-11-19 14:03:08 coder.py[line:60] DEBUG 替换KEY：@{description}，替换信息：@{description}
2019-11-19 14:03:08 coder.py[line:60] DEBUG 替换KEY：@{date}，替换信息：#{now}
2019-11-19 14:03:08 coder.py[line:60] DEBUG 替换KEY：@{package}，替换信息：@{package}
2019-11-19 14:03:08 coder.py[line:43] INFO 读取文件：/Users/creator/Desktop/WorkSpace/TempProjects/python/coder/template/table_csv.template，字符集：UTF-8
2019-11-19 14:03:08 coder.py[line:49] INFO 文件重命名：user_contacts.csv
2019-11-19 14:03:08 coder.py[line:43] INFO 读取文件：/Users/creator/Desktop/WorkSpace/TempProjects/python/coder/template/table_init.template，字符集：UTF-8
2019-11-19 14:03:08 coder.py[line:49] INFO 文件重命名：20191119140308_added_entity_UserContact.xml
2019-11-19 14:03:08 coder.py[line:60] DEBUG 替换KEY：@{table_name}，替换信息：@{table_name}
2019-11-19 14:03:08 coder.py[line:60] DEBUG 替换KEY：@{description}，替换信息：@{description}
2019-11-19 14:03:08 coder.py[line:43] INFO 读取文件：/Users/creator/Desktop/WorkSpace/TempProjects/python/coder/template/domain_application_service.template，字符集：UTF-8
2019-11-19 14:03:08 coder.py[line:49] INFO 文件重命名：UserContactApplicationService.java
2019-11-19 14:03:08 coder.py[line:60] DEBUG 替换KEY：@{entity}，替换信息：@{entity}
2019-11-19 14:03:08 coder.py[line:60] DEBUG 替换KEY：@{entity_lower}，替换信息：@{entity_lower}
2019-11-19 14:03:08 coder.py[line:60] DEBUG 替换KEY：@{author}，替换信息：@{author}
2019-11-19 14:03:08 coder.py[line:60] DEBUG 替换KEY：@{description}，替换信息：@{description}
2019-11-19 14:03:08 coder.py[line:60] DEBUG 替换KEY：@{date}，替换信息：#{now}
2019-11-19 14:03:08 coder.py[line:60] DEBUG 替换KEY：@{package}，替换信息：@{package}
2019-11-19 14:03:08 coder.py[line:70] INFO 生成完成
